[2018-05-10 19:48:03] [INFO] 启动chrome浏览器
[2018-05-10 19:48:10] [INFO] 打开网址http://127.0.0.1:8088/Discuz_X3.2_SC_GBK/upload/forum.php
[2018-05-10 19:48:10] [INFO] 开始查找元素：By.id: ls_username
[2018-05-10 19:48:10] [INFO] 找到了元素: [By.id: ls_username]
[2018-05-10 19:48:10] [INFO] 找到对元素
[2018-05-10 19:48:10] [INFO] 输入成功
[2018-05-10 19:48:10] [INFO] 开始查找元素：By.id: ls_password
[2018-05-10 19:48:10] [INFO] 找到了元素: [By.id: ls_password]
[2018-05-10 19:48:11] [INFO] 找到对元素
[2018-05-10 19:48:11] [INFO] 输入成功
[2018-05-10 19:48:11] [INFO] 开始查找元素：By.xpath: //*[@id="lsform"]/div/div/table/tbody/tr[2]/td[3]/button
[2018-05-10 19:48:11] [INFO] 找到了元素: [By.xpath: //*[@id="lsform"]/div/div/table/tbody/tr[2]/td[3]/button]
[2018-05-10 19:48:11] [INFO] 找到对元素
[2018-05-10 19:48:11] [INFO] 点击成功
[2018-05-10 19:48:13] [INFO] 开始查找元素：By.linkText: 默认版块
[2018-05-10 19:48:17] [INFO] 找到了元素: [By.linkText: 默认版块]
[2018-05-10 19:48:17] [INFO] 找到对元素
[2018-05-10 19:48:18] [INFO] 点击成功
[2018-05-10 19:48:18] [INFO] 开始查找元素：By.name: moderate[]
[2018-05-10 19:48:18] [INFO] 找到了元素: [By.name: moderate[]]
[2018-05-10 19:48:18] [INFO] 找到对元素
[2018-05-10 19:48:18] [INFO] 点击成功
[2018-05-10 19:48:18] [INFO] 找到对元素
[2018-05-10 19:48:19] [INFO] 点击成功
[2018-05-10 19:48:19] [INFO] 找到对元素
[2018-05-10 19:48:20] [INFO] 输入成功
[2018-05-10 19:48:20] [INFO] 开始查找元素：By.xpath: //*[@id="modsubmit"]
[2018-05-10 19:48:20] [INFO] 找到了元素: [By.xpath: //*[@id="modsubmit"]]
[2018-05-10 19:48:20] [INFO] 找到对元素
[2018-05-10 19:48:22] [INFO] 点击成功
[2018-05-10 19:48:22] [INFO] 找到对元素
[2018-05-10 19:48:22] [INFO] 点击成功
[2018-05-10 19:48:22] [INFO] 成功切换到新窗口
[2018-05-10 19:48:22] [INFO] 开始查找元素：By.name: admin_password
[2018-05-10 19:48:23] [INFO] 找到了元素: [By.name: admin_password]
[2018-05-10 19:48:24] [INFO] 找到对元素
[2018-05-10 19:48:24] [INFO] 输入成功
[2018-05-10 19:48:24] [INFO] 找到对元素
[2018-05-10 19:48:50] [INFO] 点击成功
[2018-05-10 19:48:50] [INFO] 开始查找元素：By.linkText: 论坛
[2018-05-10 19:48:50] [INFO] 找到了元素: [By.linkText: 论坛]
[2018-05-10 19:48:50] [INFO] 找到对元素
[2018-05-10 19:48:51] [INFO] 点击成功
[2018-05-10 19:48:51] [INFO] 开始查找元素：By.className: addtr
[2018-05-10 19:48:51] [INFO] 找到了元素: [By.className: addtr]
[2018-05-10 19:48:51] [INFO] 找到对元素
[2018-05-10 19:48:52] [INFO] 点击成功
[2018-05-10 19:48:52] [INFO] 开始查找元素：By.xpath: //*[@id="cpform"]/table/tbody[3]/tr[1]/td[3]/div/input
[2018-05-10 19:48:52] [INFO] 找到了元素: [By.xpath: //*[@id="cpform"]/table/tbody[3]/tr[1]/td[3]/div/input]
[2018-05-10 19:48:52] [INFO] 找到对元素
[2018-05-10 19:48:52] [INFO] 清除成功
[2018-05-10 19:48:52] [INFO] 找到对元素
[2018-05-10 19:48:52] [INFO] 输入成功
[2018-05-10 19:48:52] [INFO] 开始查找元素：By.name: newinherited[1][]
[2018-05-10 19:48:52] [INFO] 找到了元素: [By.name: newinherited[1][]]
[2018-05-10 19:48:52] [INFO] 找到对元素
[2018-05-10 19:48:52] [INFO] 点击成功
[2018-05-10 19:48:52] [INFO] 开始查找元素：By.id: submit_editsubmit
[2018-05-10 19:48:52] [INFO] 找到了元素: [By.id: submit_editsubmit]
[2018-05-10 19:48:52] [INFO] 找到对元素
[2018-05-10 19:48:54] [INFO] 点击成功
[2018-05-10 19:48:54] [INFO] 找到对元素
[2018-05-10 19:48:58] [INFO] 点击成功
[2018-05-10 19:48:58] [INFO] 开始查找元素：By.linkText: 退出
[2018-05-10 19:48:58] [INFO] 找到了元素: [By.linkText: 退出]
[2018-05-10 19:48:58] [INFO] 找到对元素
[2018-05-10 19:48:59] [INFO] 点击成功
[2018-05-10 19:48:59] [INFO] 开始查找元素：By.id: ls_username
[2018-05-10 19:49:03] [INFO] 找到了元素: [By.id: ls_username]
[2018-05-10 19:49:03] [INFO] 找到对元素
[2018-05-10 19:49:03] [INFO] 输入成功
[2018-05-10 19:49:03] [INFO] 开始查找元素：By.id: ls_password
[2018-05-10 19:49:04] [INFO] 找到了元素: [By.id: ls_password]
[2018-05-10 19:49:04] [INFO] 找到对元素
[2018-05-10 19:49:04] [INFO] 输入成功
[2018-05-10 19:49:04] [INFO] 开始查找元素：By.xpath: //*[@id="lsform"]/div/div/table/tbody/tr[2]/td[3]/button
[2018-05-10 19:49:04] [INFO] 找到了元素: [By.xpath: //*[@id="lsform"]/div/div/table/tbody/tr[2]/td[3]/button]
[2018-05-10 19:49:04] [INFO] 找到对元素
[2018-05-10 19:49:04] [INFO] 点击成功
[2018-05-10 19:49:06] [INFO] 开始查找元素：By.xpath: //td/h2/a
[2018-05-10 19:49:09] [INFO] 找到了元素: [By.xpath: //td/h2/a]
[2018-05-10 19:49:09] [INFO] 找到一组元素
[2018-05-10 19:49:11] [INFO] 开始查找元素：By.xpath: //*[@id="newspecial"]
[2018-05-10 19:49:11] [INFO] 找到了元素: [By.xpath: //*[@id="newspecial"]]
[2018-05-10 19:49:11] [INFO] 找到对元素
[2018-05-10 19:49:12] [INFO] 点击成功
[2018-05-10 19:49:12] [INFO] 找到对元素
[2018-05-10 19:49:12] [INFO] 输入成功
[2018-05-10 19:49:12] [INFO] 开始查找元素：By.xpath: /html/body
[2018-05-10 19:49:12] [INFO] 找到了元素: [By.xpath: /html/body]
[2018-05-10 19:49:13] [INFO] 找到对元素
[2018-05-10 19:49:13] [INFO] 输入成功
[2018-05-10 19:49:13] [INFO] 开始查找元素：By.name: topicsubmit
[2018-05-10 19:49:13] [INFO] 找到了元素: [By.name: topicsubmit]
[2018-05-10 19:49:13] [INFO] 找到对元素
[2018-05-10 19:49:13] [INFO] 点击成功
[2018-05-10 19:49:13] [INFO] 开始查找元素：By.xpath: //*[@id="fastpostmessage"]
[2018-05-10 19:49:17] [INFO] 找到了元素: [By.xpath: //*[@id="fastpostmessage"]]
[2018-05-10 19:49:17] [INFO] 找到对元素
[2018-05-10 19:49:17] [INFO] 输入成功
[2018-05-10 19:49:17] [INFO] 开始查找元素：By.xpath: //*[@id="fastpostsubmit"]
[2018-05-10 19:49:17] [INFO] 找到了元素: [By.xpath: //*[@id="fastpostsubmit"]]
[2018-05-10 19:49:17] [INFO] 找到对元素
[2018-05-10 19:49:18] [INFO] 点击成功
