[2018-05-14 20:25:19] [INFO] 启动chrome浏览器
[2018-05-14 20:25:26] [INFO] 打开网址http://127.0.0.1:8088/Discuz_X3.2_SC_GBK/upload/forum.php
[2018-05-14 20:25:26] [INFO] 开始查找元素：By.id: ls_username
[2018-05-14 20:25:26] [INFO] 找到了元素: [By.id: ls_username]
[2018-05-14 20:25:26] [INFO] 找到对元素
[2018-05-14 20:25:26] [INFO] 输入成功
[2018-05-14 20:25:26] [INFO] 开始查找元素：By.id: ls_password
[2018-05-14 20:25:26] [INFO] 找到了元素: [By.id: ls_password]
[2018-05-14 20:25:26] [INFO] 找到对元素
[2018-05-14 20:25:26] [INFO] 输入成功
[2018-05-14 20:25:26] [INFO] 开始查找元素：By.xpath: //*[@id="lsform"]/div/div/table/tbody/tr[2]/td[3]/button
[2018-05-14 20:25:26] [INFO] 找到了元素: [By.xpath: //*[@id="lsform"]/div/div/table/tbody/tr[2]/td[3]/button]
[2018-05-14 20:25:27] [INFO] 找到对元素
[2018-05-14 20:25:27] [INFO] 点击成功
[2018-05-14 20:25:29] [INFO] 开始查找元素：By.linkText: 默认版块
[2018-05-14 20:25:32] [INFO] 找到了元素: [By.linkText: 默认版块]
[2018-05-14 20:25:32] [INFO] 找到对元素
[2018-05-14 20:25:33] [INFO] 点击成功
[2018-05-14 20:25:34] [INFO] 开始查找元素：By.xpath: //*[@id="subject"]
[2018-05-14 20:25:34] [INFO] 找到了元素: [By.xpath: //*[@id="subject"]]
[2018-05-14 20:25:34] [INFO] 找到对元素
[2018-05-14 20:25:34] [INFO] 输入成功
[2018-05-14 20:25:36] [INFO] 开始查找元素：By.xpath: //*[@id="fastpostmessage"]
