[2018-05-10 20:29:10] [INFO] 启动chrome浏览器
[2018-05-10 20:29:17] [INFO] 打开网址http://127.0.0.1:8088/Discuz_X3.2_SC_GBK/upload/forum.php
[2018-05-10 20:29:17] [INFO] 开始查找元素：By.id: ls_username
[2018-05-10 20:29:17] [INFO] 找到了元素: [By.id: ls_username]
[2018-05-10 20:29:17] [INFO] 找到对元素
[2018-05-10 20:29:17] [INFO] 输入成功
[2018-05-10 20:29:17] [INFO] 开始查找元素：By.id: ls_password
[2018-05-10 20:29:17] [INFO] 找到了元素: [By.id: ls_password]
[2018-05-10 20:29:17] [INFO] 找到对元素
[2018-05-10 20:29:17] [INFO] 输入成功
[2018-05-10 20:29:17] [INFO] 开始查找元素：By.xpath: //*[@id="lsform"]/div/div/table/tbody/tr[2]/td[3]/button
[2018-05-10 20:29:17] [INFO] 找到了元素: [By.xpath: //*[@id="lsform"]/div/div/table/tbody/tr[2]/td[3]/button]
[2018-05-10 20:29:17] [INFO] 找到对元素
[2018-05-10 20:29:17] [INFO] 点击成功
[2018-05-10 20:29:19] [INFO] 开始查找元素：By.name: srchtxt
[2018-05-10 20:29:23] [INFO] 找到了元素: [By.name: srchtxt]
[2018-05-10 20:29:23] [INFO] 找到对元素
[2018-05-10 20:29:23] [INFO] 输入成功
[2018-05-10 20:29:23] [INFO] 开始查找元素：By.xpath: //*[@id="scbar_btn"]
[2018-05-10 20:29:23] [INFO] 找到了元素: [By.xpath: //*[@id="scbar_btn"]]
[2018-05-10 20:29:23] [INFO] 找到对元素
[2018-05-10 20:29:23] [INFO] 点击成功
[2018-05-10 20:29:23] [INFO] 成功切换到新窗口
[2018-05-10 20:29:25] [ERROR] 未找到对应元素
