[2018-05-10 17:32:25] [INFO] 启动chrome浏览器
[2018-05-10 17:32:31] [INFO] 打开网址http://127.0.0.1:8088/Discuz_X3.2_SC_GBK/upload/forum.php
[2018-05-10 17:32:31] [INFO] 开始查找元素：By.id: ls_username
[2018-05-10 17:32:31] [INFO] 找到了元素: [By.id: ls_username]
[2018-05-10 17:32:31] [INFO] 找到对元素
[2018-05-10 17:32:32] [INFO] 输入成功
[2018-05-10 17:32:32] [INFO] 开始查找元素：By.id: ls_password
[2018-05-10 17:32:32] [INFO] 找到了元素: [By.id: ls_password]
[2018-05-10 17:32:32] [INFO] 找到对元素
[2018-05-10 17:32:32] [INFO] 输入成功
[2018-05-10 17:32:32] [INFO] 开始查找元素：By.xpath: //*[@id="lsform"]/div/div/table/tbody/tr[2]/td[3]/button
[2018-05-10 17:32:32] [INFO] 找到了元素: [By.xpath: //*[@id="lsform"]/div/div/table/tbody/tr[2]/td[3]/button]
[2018-05-10 17:32:32] [INFO] 找到对元素
[2018-05-10 17:32:32] [INFO] 点击成功
[2018-05-10 17:32:34] [INFO] 开始查找元素：By.linkText: 默认版块
[2018-05-10 17:32:38] [INFO] 找到了元素: [By.linkText: 默认版块]
[2018-05-10 17:32:38] [INFO] 找到对元素
[2018-05-10 17:32:38] [INFO] 点击成功
[2018-05-10 17:32:38] [INFO] 开始查找元素：By.xpath: //*[@id="subject"]
[2018-05-10 17:32:48] [ERROR] 超时!! 10 秒之后还没找到元素: [By.xpath: //*[@id="subject"]]
