[2018-05-10 20:09:50] [INFO] 启动chrome浏览器
[2018-05-10 20:09:56] [INFO] 打开网址http://127.0.0.1:8088/Discuz_X3.2_SC_GBK/upload/forum.php
[2018-05-10 20:09:56] [INFO] 开始查找元素：By.id: ls_username
[2018-05-10 20:09:56] [INFO] 找到了元素: [By.id: ls_username]
[2018-05-10 20:09:56] [INFO] 找到对元素
[2018-05-10 20:09:56] [INFO] 输入成功
[2018-05-10 20:09:56] [INFO] 开始查找元素：By.id: ls_password
[2018-05-10 20:09:57] [INFO] 找到了元素: [By.id: ls_password]
[2018-05-10 20:09:57] [INFO] 找到对元素
[2018-05-10 20:09:57] [INFO] 输入成功
[2018-05-10 20:09:57] [INFO] 开始查找元素：By.xpath: //*[@id="lsform"]/div/div/table/tbody/tr[2]/td[3]/button
[2018-05-10 20:09:57] [INFO] 找到了元素: [By.xpath: //*[@id="lsform"]/div/div/table/tbody/tr[2]/td[3]/button]
[2018-05-10 20:09:57] [INFO] 找到对元素
[2018-05-10 20:09:57] [INFO] 点击成功
[2018-05-10 20:09:59] [INFO] 开始查找元素：By.name: srchtxt
[2018-05-10 20:10:02] [INFO] 找到了元素: [By.name: srchtxt]
[2018-05-10 20:10:02] [INFO] 找到对元素
[2018-05-10 20:10:02] [INFO] 输入成功
[2018-05-10 20:10:02] [INFO] 开始查找元素：By.xpath: //*[@id="scbar_btn"]
[2018-05-10 20:10:02] [INFO] 找到了元素: [By.xpath: //*[@id="scbar_btn"]]
[2018-05-10 20:10:02] [INFO] 找到对元素
[2018-05-10 20:10:02] [INFO] 点击成功
[2018-05-10 20:10:03] [INFO] 成功切换到新窗口
[2018-05-10 20:10:03] [INFO] 开始查找元素：By.xpath: //h3[@class=xs3]/a
[2018-05-10 20:10:18] [ERROR] 超时!! 15 秒之后还没找到元素: [By.xpath: //h3[@class=xs3]/a]
