[2018-05-10 19:44:51] [INFO] 启动chrome浏览器
[2018-05-10 19:44:57] [INFO] 打开网址http://127.0.0.1:8088/Discuz_X3.2_SC_GBK/upload/forum.php
[2018-05-10 19:44:57] [INFO] 开始查找元素：By.id: ls_username
[2018-05-10 19:44:57] [INFO] 找到了元素: [By.id: ls_username]
[2018-05-10 19:44:57] [INFO] 找到对元素
[2018-05-10 19:44:57] [INFO] 输入成功
[2018-05-10 19:44:57] [INFO] 开始查找元素：By.id: ls_password
[2018-05-10 19:44:57] [INFO] 找到了元素: [By.id: ls_password]
[2018-05-10 19:44:57] [INFO] 找到对元素
[2018-05-10 19:44:57] [INFO] 输入成功
[2018-05-10 19:44:57] [INFO] 开始查找元素：By.xpath: //*[@id="lsform"]/div/div/table/tbody/tr[2]/td[3]/button
[2018-05-10 19:44:58] [INFO] 找到了元素: [By.xpath: //*[@id="lsform"]/div/div/table/tbody/tr[2]/td[3]/button]
[2018-05-10 19:44:58] [INFO] 找到对元素
[2018-05-10 19:44:58] [INFO] 点击成功
[2018-05-10 19:45:00] [INFO] 开始查找元素：By.linkText: 默认版块
[2018-05-10 19:45:03] [INFO] 找到了元素: [By.linkText: 默认版块]
[2018-05-10 19:45:03] [INFO] 找到对元素
[2018-05-10 19:45:04] [INFO] 点击成功
[2018-05-10 19:45:04] [INFO] 开始查找元素：By.xpath: //*[@id="subject"]
[2018-05-10 19:45:04] [INFO] 找到了元素: [By.xpath: //*[@id="subject"]]
[2018-05-10 19:45:04] [INFO] 找到对元素
[2018-05-10 19:45:05] [INFO] 输入成功
[2018-05-10 19:45:07] [INFO] 开始查找元素：By.xpath: //*[@id="fastpostmessage"]
[2018-05-10 19:45:07] [INFO] 找到了元素: [By.xpath: //*[@id="fastpostmessage"]]
[2018-05-10 19:45:07] [INFO] 找到对元素
[2018-05-10 19:45:07] [INFO] 输入成功
[2018-05-10 19:45:09] [INFO] 开始查找元素：By.name: topicsubmit
[2018-05-10 19:45:09] [INFO] 找到了元素: [By.name: topicsubmit]
[2018-05-10 19:45:09] [INFO] 找到对元素
[2018-05-10 19:45:22] [INFO] 点击成功
[2018-05-10 19:45:22] [INFO] 开始查找元素：By.xpath: //*[@id="fastpostmessage"]
[2018-05-10 19:45:22] [INFO] 找到了元素: [By.xpath: //*[@id="fastpostmessage"]]
[2018-05-10 19:45:22] [INFO] 找到对元素
[2018-05-10 19:45:23] [INFO] 输入成功
[2018-05-10 19:45:23] [INFO] 开始查找元素：By.xpath: //*[@id="fastpostsubmit"]
[2018-05-10 19:45:23] [INFO] 找到了元素: [By.xpath: //*[@id="fastpostsubmit"]]
[2018-05-10 19:45:23] [INFO] 找到对元素
[2018-05-10 19:45:24] [INFO] 点击成功
[2018-05-10 19:45:24] [INFO] 开始查找元素：By.linkText: 退出
[2018-05-10 19:45:24] [INFO] 找到了元素: [By.linkText: 退出]
[2018-05-10 19:45:24] [INFO] 找到对元素
[2018-05-10 19:45:26] [INFO] 点击成功
