[2018-05-30 19:38:25] [INFO] 启动chrome浏览器
[2018-05-30 19:38:31] [INFO] 打开网址http://127.0.0.1:8088/Discuz_X3.2_SC_GBK/upload/forum.php
[2018-05-30 19:38:31] [INFO] 开始查找元素：By.id: ls_username
[2018-05-30 19:38:31] [INFO] 找到了元素: [By.id: ls_username]
[2018-05-30 19:38:31] [INFO] 找到对元素
[2018-05-30 19:38:31] [INFO] 开始查找元素：By.id: ls_password
[2018-05-30 19:38:31] [INFO] 找到了元素: [By.id: ls_password]
[2018-05-30 19:38:31] [INFO] 找到对元素
[2018-05-30 19:38:31] [INFO] 开始查找元素：By.xpath: //*[@id="lsform"]/div/div/table/tbody/tr[2]/td[3]/button
[2018-05-30 19:38:31] [INFO] 找到了元素: [By.xpath: //*[@id="lsform"]/div/div/table/tbody/tr[2]/td[3]/button]
[2018-05-30 19:38:31] [INFO] 找到对元素
[2018-05-30 19:38:31] [INFO] 点击成功
[2018-05-30 19:38:33] [INFO] 开始查找元素：By.name: srchtxt
[2018-05-30 19:38:37] [INFO] 找到了元素: [By.name: srchtxt]
[2018-05-30 19:38:37] [INFO] 找到对元素
[2018-05-30 19:38:37] [INFO] 开始查找元素：By.xpath: //*[@id="scbar_btn"]
[2018-05-30 19:38:37] [INFO] 找到了元素: [By.xpath: //*[@id="scbar_btn"]]
[2018-05-30 19:38:37] [INFO] 找到对元素
[2018-05-30 19:38:37] [INFO] 点击成功
[2018-05-30 19:38:39] [INFO] 成功切换到新窗口
[2018-05-30 19:38:39] [INFO] 开始查找元素：By.xpath: //*[@id="132"]/h3/a/strong/font
[2018-05-30 19:38:40] [INFO] 找到了元素: [By.xpath: //*[@id="132"]/h3/a/strong/font]
[2018-05-30 19:38:40] [INFO] 找到对元素
[2018-05-30 19:38:40] [INFO] 点击成功
[2018-05-30 19:38:40] [INFO] 成功切换到新窗口
[2018-05-30 19:38:40] [INFO] 开始查找元素：By.id: thread_subject
[2018-05-30 19:38:42] [INFO] 找到了元素: [By.id: thread_subject]
[2018-05-30 19:38:42] [INFO] 找到对元素
[2018-05-30 19:38:42] [INFO] 找到预期文本:[山海经])
[2018-05-30 19:38:42] [INFO] 开始查找元素：By.linkText: 退出
[2018-05-30 19:38:42] [INFO] 找到了元素: [By.linkText: 退出]
[2018-05-30 19:38:42] [INFO] 找到对元素
[2018-05-30 19:38:43] [INFO] 点击成功
