[2018-05-30 18:31:17] [INFO] 启动chrome浏览器
[2018-05-30 18:31:24] [INFO] 打开网址http://127.0.0.1:8088/Discuz_X3.2_SC_GBK/upload/forum.php
[2018-05-30 18:31:24] [INFO] 开始查找元素：By.id: ls_username
[2018-05-30 18:31:24] [INFO] 找到了元素: [By.id: ls_username]
[2018-05-30 18:31:24] [INFO] 找到对元素
[2018-05-30 18:31:24] [INFO] 开始查找元素：By.id: ls_password
[2018-05-30 18:31:24] [INFO] 找到了元素: [By.id: ls_password]
[2018-05-30 18:31:24] [INFO] 找到对元素
[2018-05-30 18:31:24] [INFO] 开始查找元素：By.xpath: //*[@id="lsform"]/div/div/table/tbody/tr[2]/td[3]/button
[2018-05-30 18:31:24] [INFO] 找到了元素: [By.xpath: //*[@id="lsform"]/div/div/table/tbody/tr[2]/td[3]/button]
[2018-05-30 18:31:24] [INFO] 找到对元素
[2018-05-30 18:31:24] [INFO] 点击成功
[2018-05-30 18:31:26] [INFO] 开始查找元素：By.linkText: 默认版块
[2018-05-30 18:31:30] [INFO] 找到了元素: [By.linkText: 默认版块]
[2018-05-30 18:31:30] [INFO] 找到对元素
[2018-05-30 18:31:31] [INFO] 点击成功
[2018-05-30 18:31:31] [INFO] 开始查找元素：By.xpath: //*[@id="subject"]
[2018-05-30 18:31:31] [INFO] 找到了元素: [By.xpath: //*[@id="subject"]]
[2018-05-30 18:31:31] [INFO] 找到对元素
[2018-05-30 18:31:33] [INFO] 开始查找元素：By.xpath: //*[@id="fastpostmessage"]
[2018-05-30 18:31:33] [INFO] 找到了元素: [By.xpath: //*[@id="fastpostmessage"]]
[2018-05-30 18:31:33] [INFO] 找到对元素
[2018-05-30 18:31:35] [INFO] 开始查找元素：By.name: topicsubmit
[2018-05-30 18:31:35] [INFO] 找到了元素: [By.name: topicsubmit]
[2018-05-30 18:31:35] [INFO] 找到对元素
[2018-05-30 18:31:38] [INFO] 点击成功
[2018-05-30 18:31:38] [INFO] 开始查找元素：By.xpath: //*[@id="fastpostmessage"]
[2018-05-30 18:31:38] [INFO] 找到了元素: [By.xpath: //*[@id="fastpostmessage"]]
[2018-05-30 18:31:38] [INFO] 找到对元素
[2018-05-30 18:31:38] [INFO] 开始查找元素：By.xpath: //*[@id="fastpostsubmit"]
[2018-05-30 18:31:38] [INFO] 找到了元素: [By.xpath: //*[@id="fastpostsubmit"]]
[2018-05-30 18:31:38] [INFO] 找到对元素
[2018-05-30 18:31:40] [INFO] 点击成功
[2018-05-30 18:31:40] [INFO] 开始查找元素：By.linkText: 退出
[2018-05-30 18:31:40] [INFO] 找到了元素: [By.linkText: 退出]
[2018-05-30 18:31:40] [INFO] 找到对元素
[2018-05-30 18:31:41] [INFO] 点击成功
