[2018-05-11 09:29:39] [INFO] 启动chrome浏览器
[2018-05-11 09:29:45] [INFO] 打开网址http://127.0.0.1:8088/Discuz_X3.2_SC_GBK/upload/forum.php
[2018-05-11 09:29:45] [INFO] 开始查找元素：By.id: ls_username
[2018-05-11 09:29:45] [INFO] 找到了元素: [By.id: ls_username]
[2018-05-11 09:29:45] [INFO] 找到对元素
[2018-05-11 09:29:45] [INFO] 输入成功
[2018-05-11 09:29:45] [INFO] 开始查找元素：By.id: ls_password
[2018-05-11 09:29:46] [INFO] 找到了元素: [By.id: ls_password]
[2018-05-11 09:29:46] [INFO] 找到对元素
[2018-05-11 09:29:46] [INFO] 输入成功
[2018-05-11 09:29:46] [INFO] 开始查找元素：By.xpath: //*[@id="lsform"]/div/div/table/tbody/tr[2]/td[3]/button
[2018-05-11 09:29:46] [INFO] 找到了元素: [By.xpath: //*[@id="lsform"]/div/div/table/tbody/tr[2]/td[3]/button]
[2018-05-11 09:29:46] [INFO] 找到对元素
[2018-05-11 09:29:46] [INFO] 点击成功
[2018-05-11 09:29:48] [INFO] 开始查找元素：By.linkText: 默认版块
[2018-05-11 09:29:51] [INFO] 找到了元素: [By.linkText: 默认版块]
[2018-05-11 09:29:51] [INFO] 找到对元素
[2018-05-11 09:29:53] [INFO] 点击成功
[2018-05-11 09:29:53] [INFO] 开始查找元素：By.xpath: //*[@id="subject"]
[2018-05-11 09:29:53] [INFO] 找到了元素: [By.xpath: //*[@id="subject"]]
[2018-05-11 09:29:53] [INFO] 找到对元素
[2018-05-11 09:29:53] [INFO] 输入成功
[2018-05-11 09:29:55] [INFO] 开始查找元素：By.xpath: //*[@id="fastpostmessage"]
[2018-05-11 09:29:55] [INFO] 找到了元素: [By.xpath: //*[@id="fastpostmessage"]]
[2018-05-11 09:29:55] [INFO] 找到对元素
[2018-05-11 09:29:55] [INFO] 输入成功
[2018-05-11 09:29:57] [INFO] 开始查找元素：By.name: topicsubmit
[2018-05-11 09:29:57] [INFO] 找到了元素: [By.name: topicsubmit]
[2018-05-11 09:29:57] [INFO] 找到对元素
[2018-05-11 09:30:01] [INFO] 点击成功
[2018-05-11 09:30:01] [INFO] 开始查找元素：By.xpath: //*[@id="fastpostmessage"]
[2018-05-11 09:30:01] [INFO] 找到了元素: [By.xpath: //*[@id="fastpostmessage"]]
[2018-05-11 09:30:01] [INFO] 找到对元素
[2018-05-11 09:30:01] [INFO] 输入成功
[2018-05-11 09:30:01] [INFO] 开始查找元素：By.xpath: //*[@id="fastpostsubmit"]
[2018-05-11 09:30:01] [INFO] 找到了元素: [By.xpath: //*[@id="fastpostsubmit"]]
[2018-05-11 09:30:01] [INFO] 找到对元素
[2018-05-11 09:30:02] [INFO] 点击成功
[2018-05-11 09:30:02] [INFO] 开始查找元素：By.linkText: 退出
[2018-05-11 09:30:02] [INFO] 找到了元素: [By.linkText: 退出]
[2018-05-11 09:30:02] [INFO] 找到对元素
