[2018-05-30 19:36:57] [INFO] 启动chrome浏览器
[2018-05-30 19:37:03] [INFO] 打开网址http://127.0.0.1:8088/Discuz_X3.2_SC_GBK/upload/forum.php
[2018-05-30 19:37:03] [INFO] 开始查找元素：By.id: ls_username
[2018-05-30 19:37:03] [INFO] 找到了元素: [By.id: ls_username]
[2018-05-30 19:37:03] [INFO] 找到对元素
[2018-05-30 19:37:03] [INFO] 开始查找元素：By.id: ls_password
[2018-05-30 19:37:03] [INFO] 找到了元素: [By.id: ls_password]
[2018-05-30 19:37:03] [INFO] 找到对元素
[2018-05-30 19:37:03] [INFO] 开始查找元素：By.xpath: //*[@id="lsform"]/div/div/table/tbody/tr[2]/td[3]/button
[2018-05-30 19:37:03] [INFO] 找到了元素: [By.xpath: //*[@id="lsform"]/div/div/table/tbody/tr[2]/td[3]/button]
[2018-05-30 19:37:03] [INFO] 找到对元素
[2018-05-30 19:37:03] [INFO] 点击成功
[2018-05-30 19:37:05] [INFO] 开始查找元素：By.linkText: 默认版块
[2018-05-30 19:37:09] [INFO] 找到了元素: [By.linkText: 默认版块]
[2018-05-30 19:37:09] [INFO] 找到对元素
[2018-05-30 19:37:10] [INFO] 点击成功
[2018-05-30 19:37:10] [INFO] 开始查找元素：By.name: moderate[]
[2018-05-30 19:37:10] [INFO] 找到了元素: [By.name: moderate[]]
[2018-05-30 19:37:10] [INFO] 找到对元素
[2018-05-30 19:37:11] [INFO] 点击成功
[2018-05-30 19:37:11] [INFO] 找到对元素
[2018-05-30 19:37:12] [INFO] 点击成功
[2018-05-30 19:37:12] [INFO] 找到对元素
[2018-05-30 19:37:12] [INFO] 开始查找元素：By.xpath: //*[@id="modsubmit"]
[2018-05-30 19:37:12] [INFO] 找到了元素: [By.xpath: //*[@id="modsubmit"]]
[2018-05-30 19:37:12] [INFO] 找到对元素
[2018-05-30 19:37:14] [INFO] 点击成功
[2018-05-30 19:37:14] [INFO] 找到对元素
[2018-05-30 19:37:14] [INFO] 点击成功
[2018-05-30 19:37:14] [INFO] 成功切换到新窗口
[2018-05-30 19:37:15] [INFO] 开始查找元素：By.name: admin_password
[2018-05-30 19:37:16] [INFO] 找到了元素: [By.name: admin_password]
[2018-05-30 19:37:16] [INFO] 找到对元素
[2018-05-30 19:37:16] [INFO] 找到对元素
[2018-05-30 19:37:42] [INFO] 点击成功
[2018-05-30 19:37:42] [INFO] 开始查找元素：By.linkText: 论坛
[2018-05-30 19:37:42] [INFO] 找到了元素: [By.linkText: 论坛]
[2018-05-30 19:37:42] [INFO] 找到对元素
[2018-05-30 19:37:43] [INFO] 点击成功
[2018-05-30 19:37:43] [INFO] 开始查找元素：By.className: addtr
[2018-05-30 19:37:43] [INFO] 找到了元素: [By.className: addtr]
[2018-05-30 19:37:43] [INFO] 找到对元素
[2018-05-30 19:37:43] [INFO] 点击成功
[2018-05-30 19:37:43] [INFO] 开始查找元素：By.xpath: //*[@id="cpform"]/table/tbody[3]/tr[1]/td[3]/div/input
[2018-05-30 19:37:43] [INFO] 找到了元素: [By.xpath: //*[@id="cpform"]/table/tbody[3]/tr[1]/td[3]/div/input]
[2018-05-30 19:37:43] [INFO] 找到对元素
[2018-05-30 19:37:43] [INFO] 清除成功
[2018-05-30 19:37:43] [INFO] 找到对元素
[2018-05-30 19:37:43] [INFO] 开始查找元素：By.name: newinherited[1][]
[2018-05-30 19:37:44] [INFO] 找到了元素: [By.name: newinherited[1][]]
[2018-05-30 19:37:44] [INFO] 找到对元素
[2018-05-30 19:37:44] [INFO] 点击成功
[2018-05-30 19:37:44] [INFO] 开始查找元素：By.id: submit_editsubmit
[2018-05-30 19:37:44] [INFO] 找到了元素: [By.id: submit_editsubmit]
[2018-05-30 19:37:44] [INFO] 找到对元素
[2018-05-30 19:37:45] [INFO] 点击成功
[2018-05-30 19:37:45] [INFO] 找到对元素
[2018-05-30 19:37:49] [INFO] 点击成功
[2018-05-30 19:37:49] [INFO] 开始查找元素：By.linkText: 退出
[2018-05-30 19:37:49] [INFO] 找到了元素: [By.linkText: 退出]
[2018-05-30 19:37:49] [INFO] 找到对元素
[2018-05-30 19:37:51] [INFO] 点击成功
[2018-05-30 19:37:51] [INFO] 开始查找元素：By.id: ls_username
[2018-05-30 19:37:55] [INFO] 找到了元素: [By.id: ls_username]
[2018-05-30 19:37:55] [INFO] 找到对元素
[2018-05-30 19:37:55] [INFO] 开始查找元素：By.id: ls_password
[2018-05-30 19:37:55] [INFO] 找到了元素: [By.id: ls_password]
[2018-05-30 19:37:55] [INFO] 找到对元素
[2018-05-30 19:37:55] [INFO] 开始查找元素：By.xpath: //*[@id="lsform"]/div/div/table/tbody/tr[2]/td[3]/button
[2018-05-30 19:37:55] [INFO] 找到了元素: [By.xpath: //*[@id="lsform"]/div/div/table/tbody/tr[2]/td[3]/button]
[2018-05-30 19:37:55] [INFO] 找到对元素
[2018-05-30 19:37:55] [INFO] 点击成功
[2018-05-30 19:37:57] [INFO] 开始查找元素：By.xpath: //td/h2/a
[2018-05-30 19:38:00] [INFO] 找到了元素: [By.xpath: //td/h2/a]
[2018-05-30 19:38:00] [INFO] 找到一组元素
[2018-05-30 19:38:02] [INFO] 开始查找元素：By.xpath: //*[@id="newspecial"]
[2018-05-30 19:38:02] [INFO] 找到了元素: [By.xpath: //*[@id="newspecial"]]
[2018-05-30 19:38:02] [INFO] 找到对元素
[2018-05-30 19:38:03] [INFO] 点击成功
[2018-05-30 19:38:03] [INFO] 找到对元素
[2018-05-30 19:38:03] [INFO] 开始查找元素：By.xpath: /html/body
[2018-05-30 19:38:03] [INFO] 找到了元素: [By.xpath: /html/body]
[2018-05-30 19:38:03] [INFO] 找到对元素
[2018-05-30 19:38:03] [INFO] 开始查找元素：By.name: topicsubmit
[2018-05-30 19:38:03] [INFO] 找到了元素: [By.name: topicsubmit]
[2018-05-30 19:38:03] [INFO] 找到对元素
[2018-05-30 19:38:03] [INFO] 点击成功
[2018-05-30 19:38:03] [INFO] 开始查找元素：By.xpath: //*[@id="fastpostmessage"]
[2018-05-30 19:38:19] [ERROR] 超时!! 15 秒之后还没找到元素: [By.xpath: //*[@id="fastpostmessage"]]
