[2018-05-10 17:25:33] [INFO] 启动chrome浏览器
[2018-05-10 17:25:40] [INFO] 打开网址http://127.0.0.1:8088/Discuz_X3.2_SC_GBK/upload/forum.php
[2018-05-10 17:25:40] [INFO] 开始查找元素：By.id: ls_username
[2018-05-10 17:25:40] [INFO] 找到了元素: [By.id: ls_username]
[2018-05-10 17:25:40] [INFO] 找到对元素
[2018-05-10 17:25:40] [INFO] 输入成功
[2018-05-10 17:25:40] [INFO] 开始查找元素：By.id: ls_password
[2018-05-10 17:25:40] [INFO] 找到了元素: [By.id: ls_password]
[2018-05-10 17:25:41] [INFO] 找到对元素
[2018-05-10 17:25:41] [INFO] 输入成功
[2018-05-10 17:25:41] [INFO] 开始查找元素：By.xpath: //*[@id="lsform"]/div/div/table/tbody/tr[2]/td[3]/button
[2018-05-10 17:25:41] [INFO] 找到了元素: [By.xpath: //*[@id="lsform"]/div/div/table/tbody/tr[2]/td[3]/button]
[2018-05-10 17:25:41] [INFO] 找到对元素
[2018-05-10 17:25:41] [INFO] 点击成功
[2018-05-10 17:25:41] [INFO] 开始查找元素：By.xpath: //td/h2/a
[2018-05-10 17:25:46] [INFO] 找到了元素: [By.xpath: //td/h2/a]
[2018-05-10 17:25:46] [INFO] 找到一组元素
[2018-05-10 17:25:47] [INFO] 开始查找元素：By.xpath: //*[@id="newspecial"]
[2018-05-10 17:25:48] [INFO] 找到了元素: [By.xpath: //*[@id="newspecial"]]
[2018-05-10 17:25:48] [INFO] 找到对元素
[2018-05-10 17:25:49] [INFO] 点击成功
[2018-05-10 17:25:49] [INFO] 找到对元素
[2018-05-10 17:25:51] [INFO] 点击成功
[2018-05-10 17:25:51] [INFO] 找到对元素
[2018-05-10 17:25:51] [INFO] 点击成功
[2018-05-10 17:25:51] [INFO] 开始查找元素：By.id: subject
[2018-05-10 17:25:51] [INFO] 找到了元素: [By.id: subject]
[2018-05-10 17:25:51] [INFO] 找到对元素
[2018-05-10 17:25:51] [INFO] 输入成功
[2018-05-10 17:25:51] [INFO] 开始查找元素：By.xpath: //*[@id="pollm_c_1"]/p[1]/input
[2018-05-10 17:25:51] [INFO] 找到了元素: [By.xpath: //*[@id="pollm_c_1"]/p[1]/input]
[2018-05-10 17:25:51] [INFO] 找到对元素
[2018-05-10 17:25:51] [INFO] 输入成功
[2018-05-10 17:25:51] [INFO] 开始查找元素：By.xpath: //*[@id="pollm_c_1"]/p[2]/input
[2018-05-10 17:25:51] [INFO] 找到了元素: [By.xpath: //*[@id="pollm_c_1"]/p[2]/input]
[2018-05-10 17:25:51] [INFO] 找到对元素
[2018-05-10 17:25:51] [INFO] 输入成功
[2018-05-10 17:25:51] [INFO] 开始查找元素：By.xpath: //*[@id="pollm_c_1"]/p[3]/input
[2018-05-10 17:25:51] [INFO] 找到了元素: [By.xpath: //*[@id="pollm_c_1"]/p[3]/input]
[2018-05-10 17:25:51] [INFO] 找到对元素
[2018-05-10 17:25:51] [INFO] 输入成功
[2018-05-10 17:25:51] [INFO] 开始查找元素：By.xpath: //*[@id="postsubmit"]
[2018-05-10 17:25:51] [INFO] 找到了元素: [By.xpath: //*[@id="postsubmit"]]
[2018-05-10 17:25:51] [INFO] 找到对元素
[2018-05-10 17:25:51] [INFO] 点击成功
[2018-05-10 17:25:51] [INFO] 开始查找元素：By.id: option_1
[2018-05-10 17:25:55] [INFO] 找到了元素: [By.id: option_1]
[2018-05-10 17:25:55] [INFO] 找到对元素
[2018-05-10 17:25:55] [INFO] 点击成功
[2018-05-10 17:25:55] [INFO] 找到对元素
[2018-05-10 17:25:58] [INFO] 点击成功
[2018-05-10 17:25:58] [INFO] 开始查找元素：By.xpath: //*[@id="poll"]/div[2]/table
[2018-05-10 17:25:58] [INFO] 找到了元素: [By.xpath: //*[@id="poll"]/div[2]/table]
[2018-05-10 17:25:58] [INFO] 找到对元素
[2018-05-10 17:25:58] [INFO] 获取的文本是1.  都好
100.00% (1)
2.  农村好
0.00% (0)
3.  城市好
0.00% (0)
您已经投过票，谢谢您的参与
[2018-05-10 17:25:58] [INFO] 开始查找元素：By.xpath: //*[@id="postlist"]/table[1]/tbody/tr/td[2]
[2018-05-10 17:25:58] [INFO] 找到了元素: [By.xpath: //*[@id="postlist"]/table[1]/tbody/tr/td[2]]
[2018-05-10 17:25:58] [INFO] 找到对元素
[2018-05-10 17:25:58] [INFO] 获取的文本是城市好还是农村好 [复制链接]
